Comparing -3 to -3
Comparing 0 to -3
Comparing 2 to 0
Comparing 4 to 2
Comparing 10 to 4
Comparing 23 to 10
Comparing 215 to 23
Comparing 0 to -3
Comparing 2 to 0
Comparing 4 to 2
Comparing 10 to 4
Comparing 23 to 10
Comparing -3 to 23
Comparing 2 to 0
Comparing 4 to 2
Comparing 10 to 4
Comparing -3 to 10
Comparing -3 to 10
Comparing 4 to 2
Comparing 0 to 4
Comparing -3 to 4
Comparing -3 to 4
Comparing 0 to 2
Comparing -3 to 2
Comparing -3 to 2
Comparing -3 to 0
Comparing -3 to 0
Comparing -3 to -3
