Comparing -3 to 23
Comparing 10 to -3
Comparing 4 to -3
Comparing 215 to -3
Comparing 0 to -3
Comparing -3 to -3
Comparing 2 to -3
Comparing 10 to 23
Comparing 4 to 10
Comparing 215 to 4
Comparing 0 to 4
Comparing -3 to 0
Comparing 2 to -3
Comparing 4 to 10
Comparing 215 to 4
Comparing 0 to 4
Comparing 23 to 0
Comparing 2 to 0
Comparing 215 to 4
Comparing 10 to 4
Comparing 23 to 4
Comparing 2 to 4
Comparing 10 to 215
Comparing 23 to 10
Comparing 4 to 10
Comparing 23 to 10
Comparing 215 to 10
Comparing 215 to 23
